20250703-09:38:53.075 : Created session
20250703-09:38:53.136 : Connecting to 127.0.0.1 on port 5001
20250703-09:50:07.987 : Created session
20250703-09:50:08.048 : Connecting to 127.0.0.1 on port 5001
20250703-09:50:08.134 : Connection succeeded
20250703-09:50:08.239 : Initiated logon request
20250703-09:50:08.463 : Received logon
20250703-09:50:08.477 : Got resend request from 1 to 0
20250703-09:50:08.489 : Sent SequenceReset TO: 3
20250703-09:50:09.093 : Initiated logout request
20250703-09:50:09.139 : Received logout response
20250703-09:50:09.141 : Session FIX.4.4:GENERATOR->ACCUMULATOR disconnecting: Received logout response
20250703-09:52:12.865 : Created session
20250703-09:52:12.912 : Connecting to 127.0.0.1 on port 5001
20250703-09:52:12.983 : Connection succeeded
20250703-09:52:13.215 : Initiated logon request
20250703-09:52:13.370 : Received logon
20250703-09:52:13.944 : Initiated logout request
20250703-09:52:13.948 : Received logout response
20250703-09:52:13.948 : Session FIX.4.4:GENERATOR->ACCUMULATOR disconnecting: Received logout response
20250703-09:52:36.792 : Created session
20250703-09:52:36.799 : Connecting to 127.0.0.1 on port 5001
20250703-09:52:36.809 : Connection succeeded
20250703-09:52:36.813 : Initiated logon request
20250703-09:52:36.827 : Received logon
20250703-09:52:37.838 : Initiated logout request
20250703-09:52:37.851 : Received logout response
20250703-09:52:37.851 : Session FIX.4.4:GENERATOR->ACCUMULATOR disconnecting: Received logout response
20250703-09:53:13.476 : Created session
20250703-09:53:13.485 : Connecting to 127.0.0.1 on port 5001
20250703-09:53:13.495 : Connection succeeded
20250703-09:53:13.497 : Initiated logon request
20250703-09:53:13.506 : Received logon
20250703-09:53:14.510 : Initiated logout request
20250703-09:53:14.513 : Received logout response
20250703-09:53:14.513 : Session FIX.4.4:GENERATOR->ACCUMULATOR disconnecting: Received logout response
20250703-09:53:28.657 : Created session
20250703-09:53:28.664 : Connecting to 127.0.0.1 on port 5001
20250703-09:53:28.670 : Connection succeeded
20250703-09:53:28.671 : Initiated logon request
20250703-09:53:28.679 : Received logon
20250703-09:53:29.695 : Initiated logout request
20250703-09:53:29.763 : Received logout response
20250703-09:53:29.763 : Session FIX.4.4:GENERATOR->ACCUMULATOR disconnecting: Received logout response
20250703-09:54:23.251 : Created session
20250703-09:54:23.260 : Connecting to 127.0.0.1 on port 5001
20250703-09:54:23.272 : Connection succeeded
20250703-09:54:23.274 : Initiated logon request
20250703-09:54:23.281 : Received logon
20250703-09:54:24.275 : Initiated logout request
20250703-09:54:24.430 : Received logout response
20250703-09:54:24.430 : Session FIX.4.4:GENERATOR->ACCUMULATOR disconnecting: Received logout response
20250703-09:54:44.256 : Created session
20250703-09:54:44.263 : Connecting to 127.0.0.1 on port 5001
20250703-09:54:44.272 : Connection succeeded
20250703-09:54:44.273 : Initiated logon request
20250703-09:54:44.282 : Received logon
20250703-09:54:45.291 : Initiated logout request
20250703-09:54:45.427 : Received logout response
20250703-09:54:45.427 : Session FIX.4.4:GENERATOR->ACCUMULATOR disconnecting: Received logout response
20250703-09:55:00.388 : Created session
20250703-09:55:00.396 : Connecting to 127.0.0.1 on port 5001
20250703-09:55:00.409 : Connection succeeded
20250703-09:55:00.410 : Initiated logon request
20250703-09:55:00.420 : Received logon
20250703-09:55:01.446 : Initiated logout request
20250703-09:55:01.462 : Received logout response
20250703-09:55:01.462 : Session FIX.4.4:GENERATOR->ACCUMULATOR disconnecting: Received logout response
20250703-09:55:18.527 : Created session
20250703-09:55:18.537 : Connecting to 127.0.0.1 on port 5001
20250703-09:55:18.545 : Connection succeeded
20250703-09:55:18.546 : Initiated logon request
20250703-09:55:18.557 : Received logon
20250703-09:55:19.560 : Initiated logout request
20250703-09:55:19.570 : Received logout response
20250703-09:55:19.570 : Session FIX.4.4:GENERATOR->ACCUMULATOR disconnecting: Received logout response
20250703-09:55:34.162 : Created session
20250703-09:55:34.175 : Connecting to 127.0.0.1 on port 5001
20250703-09:55:34.186 : Connection succeeded
20250703-09:55:34.188 : Initiated logon request
20250703-09:55:34.209 : Received logon
20250703-09:55:35.205 : Initiated logout request
20250703-09:55:35.211 : Received logout response
20250703-09:55:35.211 : Session FIX.4.4:GENERATOR->ACCUMULATOR disconnecting: Received logout response
20250703-09:55:47.686 : Created session
20250703-09:55:47.693 : Connecting to 127.0.0.1 on port 5001
20250703-09:55:47.698 : Connection succeeded
20250703-09:55:47.699 : Initiated logon request
20250703-09:55:47.707 : Received logon
20250703-09:55:48.732 : Initiated logout request
20250703-09:55:48.761 : Received logout response
20250703-09:55:48.761 : Session FIX.4.4:GENERATOR->ACCUMULATOR disconnecting: Received logout response
20250703-09:55:54.567 : Created session
20250703-09:55:54.579 : Connecting to 127.0.0.1 on port 5001
20250703-09:55:54.590 : Connection succeeded
20250703-09:55:54.591 : Initiated logon request
20250703-09:55:54.600 : Received logon
20250703-09:55:55.576 : Initiated logout request
20250703-09:55:55.578 : Received logout response
20250703-09:55:55.578 : Session FIX.4.4:GENERATOR->ACCUMULATOR disconnecting: Received logout response
20250703-09:58:57.564 : Created session
20250703-09:58:57.595 : Connecting to 127.0.0.1 on port 5001
20250703-09:58:57.633 : Connection succeeded
20250703-09:58:57.694 : Initiated logon request
20250703-09:58:57.760 : Received logon
20250703-10:02:29.843 : Created session
20250703-10:02:29.869 : Connecting to 127.0.0.1 on port 5001
20250703-10:02:29.916 : Connection succeeded
20250703-10:02:29.997 : Initiated logon request
20250703-10:02:30.070 : Received logon
20250703-10:02:38.894 : Initiated logout request
20250703-10:02:38.902 : Received logout response
20250703-10:02:38.903 : Session FIX.4.4:GENERATOR->ACCUMULATOR disconnecting: Received logout response
20250703-10:02:51.782 : Created session
20250703-10:02:51.792 : Connecting to 127.0.0.1 on port 5001
20250703-10:02:51.804 : Connection succeeded
20250703-10:02:51.805 : Initiated logon request
20250703-10:02:51.813 : Received logon
20250703-10:02:59.827 : Initiated logout request
20250703-10:02:59.830 : Received logout response
20250703-10:02:59.830 : Session FIX.4.4:GENERATOR->ACCUMULATOR disconnecting: Received logout response
20250703-10:03:07.904 : Created session
20250703-10:03:07.913 : Connecting to 127.0.0.1 on port 5001
20250703-10:03:07.921 : Connection succeeded
20250703-10:03:07.922 : Initiated logon request
20250703-10:03:07.929 : Received logon
20250703-10:03:15.608 : Initiated logout request
20250703-10:03:15.617 : Received logout response
20250703-10:03:15.617 : Session FIX.4.4:GENERATOR->ACCUMULATOR disconnecting: Received logout response
20250704-01:47:19.943 : Session FIX.4.4:GENERATOR->ACCUMULATOR already disconnected: Resetting...
20250704-01:47:19.964 : Session reset: New session
20250704-01:47:19.965 : Created session
20250704-01:47:19.997 : Connecting to 127.0.0.1 on port 5001
20250704-01:47:20.089 : Connection succeeded
20250704-01:47:20.144 : Initiated logon request
20250704-01:47:20.309 : Received logon
20250704-01:47:22.086 : Initiated logout request
20250704-01:47:22.138 : Received logout response
20250704-01:47:22.139 : Session FIX.4.4:GENERATOR->ACCUMULATOR disconnecting: Received logout response
20250704-01:47:35.093 : Created session
20250704-01:47:35.101 : Connecting to 127.0.0.1 on port 5001
20250704-01:47:35.109 : Connection succeeded
20250704-01:47:35.111 : Initiated logon request
20250704-01:47:35.118 : Received logon
20250704-01:47:37.120 : Initiated logout request
20250704-01:47:37.124 : Received logout response
20250704-01:47:37.124 : Session FIX.4.4:GENERATOR->ACCUMULATOR disconnecting: Received logout response
20250704-01:47:42.803 : Created session
20250704-01:47:42.809 : Connecting to 127.0.0.1 on port 5001
20250704-01:47:42.816 : Connection succeeded
20250704-01:47:42.818 : Initiated logon request
20250704-01:47:42.825 : Received logon
20250704-01:47:44.820 : Initiated logout request
20250704-01:47:44.822 : Received logout response
20250704-01:47:44.823 : Session FIX.4.4:GENERATOR->ACCUMULATOR disconnecting: Received logout response
20250704-01:47:48.118 : Created session
20250704-01:47:48.124 : Connecting to 127.0.0.1 on port 5001
20250704-01:47:48.132 : Connection succeeded
20250704-01:47:48.134 : Initiated logon request
20250704-01:47:48.148 : Received logon
20250704-01:47:49.148 : Initiated logout request
20250704-01:47:49.150 : Received logout response
20250704-01:47:49.150 : Session FIX.4.4:GENERATOR->ACCUMULATOR disconnecting: Received logout response
20250705-13:40:47.985 : Session FIX.4.4:GENERATOR->ACCUMULATOR already disconnected: Resetting...
20250705-13:40:48.112 : Session reset: New session
20250705-13:40:48.119 : Created session
20250705-13:40:48.134 : Connecting to 127.0.0.1 on port 5001
20250705-13:40:50.930 : Connection failed: System.Net.Sockets.SocketException (10061): Nenhuma conexão pôde ser feita porque a máquina de destino as recusou ativamente. 127.0.0.1:5001
   at System.Net.Sockets.Socket.DoConnect(EndPoint endPointSnapshot, SocketAddress socketAddress)
   at System.Net.Sockets.Socket.Connect(EndPoint remoteEP)
   at QuickFix.Transport.StreamFactory.CreateClientStream(IPEndPoint endpoint, SocketSettings settings, NonSessionLog nonSessionLog)
   at QuickFix.SocketInitiatorThread.SetupStream()
   at QuickFix.SocketInitiatorThread.Connect()
   at QuickFix.Transport.SocketInitiator.SocketInitiatorThreadStart(Object socketInitiatorThread)
20250705-13:41:23.316 : Created session
20250705-13:41:23.328 : Connecting to 127.0.0.1 on port 5001
20250705-13:41:23.341 : Connection succeeded
20250705-13:41:23.363 : Initiated logon request
20250705-13:41:23.664 : Received logon
20250705-13:41:23.687 : Got resend request from 1 to 0
20250705-13:41:23.696 : Sent SequenceReset TO: 3
20250705-13:41:25.346 : Initiated logout request
20250705-13:41:25.356 : Received logout response
20250705-13:41:25.356 : Session FIX.4.4:GENERATOR->ACCUMULATOR disconnecting: Received logout response
20250705-13:44:04.289 : Created session
20250705-13:44:04.323 : Connecting to 127.0.0.1 on port 5001
20250705-13:44:04.372 : Connection succeeded
20250705-13:44:04.452 : Initiated logon request
20250705-13:44:04.576 : Received logon
20250705-13:44:06.369 : Initiated logout request
20250705-13:44:06.374 : Received logout response
20250705-13:44:06.375 : Session FIX.4.4:GENERATOR->ACCUMULATOR disconnecting: Received logout response
20250705-13:44:11.818 : Created session
20250705-13:44:11.830 : Connecting to 127.0.0.1 on port 5001
20250705-13:44:11.841 : Connection succeeded
20250705-13:44:11.843 : Initiated logon request
20250705-13:44:11.845 : Received logon
20250705-13:44:13.850 : Initiated logout request
20250705-13:44:13.853 : Received logout response
20250705-13:44:13.853 : Session FIX.4.4:GENERATOR->ACCUMULATOR disconnecting: Received logout response
20250705-13:44:17.471 : Created session
20250705-13:44:17.478 : Connecting to 127.0.0.1 on port 5001
20250705-13:44:17.485 : Connection succeeded
20250705-13:44:17.487 : Initiated logon request
20250705-13:44:17.488 : Received logon
20250705-13:44:18.497 : Initiated logout request
20250705-13:44:18.504 : Received logout response
20250705-13:44:18.504 : Session FIX.4.4:GENERATOR->ACCUMULATOR disconnecting: Received logout response
20250705-13:44:21.920 : Created session
20250705-13:44:21.928 : Connecting to 127.0.0.1 on port 5001
20250705-13:44:21.938 : Connection succeeded
20250705-13:44:21.940 : Initiated logon request
20250705-13:44:21.942 : Received logon
20250705-13:44:23.947 : Initiated logout request
20250705-13:44:23.949 : Received logout response
20250705-13:44:23.949 : Session FIX.4.4:GENERATOR->ACCUMULATOR disconnecting: Received logout response
20250705-13:44:28.827 : Created session
20250705-13:44:28.833 : Connecting to 127.0.0.1 on port 5001
20250705-13:44:28.838 : Connection succeeded
20250705-13:44:28.840 : Initiated logon request
20250705-13:44:28.842 : Received logon
20250705-13:44:29.849 : Initiated logout request
20250705-13:44:29.851 : Received logout response
20250705-13:44:29.851 : Session FIX.4.4:GENERATOR->ACCUMULATOR disconnecting: Received logout response
